[debug] > Exec(early(addDefaultCommands), None, None)
[debug] > Exec(addDefaultCommands, None, None)
[debug] > Exec(early(initialize), None, None)
[debug] > Exec(initialize, None, None)
[debug] > Exec(early(addPluginSbtFile="""C:\Users\eduar\AppData\Local\Temp\idea.sbt"""), None, None)
[debug] > Exec(addPluginSbtFile="""C:\Users\eduar\AppData\Local\Temp\idea.sbt""", None, None)
[debug] > Exec(boot, None, None)
[debug] > Exec(writeSbtVersion, None, None)
[debug] > Exec(reload, None, None)
[debug] > Exec(sbtStashOnFailure, None, None)
[debug] > Exec(onFailure loadFailed, None, None)
[debug] > Exec(loadp, None, None)
[info] welcome to sbt 1.4.7 (Oracle Corporation Java 1.8.0_281)
[debug]       Load.loadUnit: plugins took 134.5593ms
[debug]       Load.loadUnit: defsScala took 0.2035ms
[debug] [Loading] Scanning directory C:\Users\eduar\.sbt\1.0\plugins
[debug] [Loading] Found non-root projects 
[debug] [Loading] Done in C:\Users\eduar\.sbt\1.0\plugins, returning: ()
[debug] deducing auto plugins based on known facts Set(Atom(sbt.plugins.CorePlugin)) and clauses Clauses(List(Clause(Atom(sbt.plugins.JvmPlugin),Set(Atom(sbt.plugins.IvyPlugin))), Clause(Atom(sbt.ScriptedPlugin),Set(Atom(sbt.plugins.JvmPlugin))), Clause(Atom(sbt.plugins.SbtPlugin),Set(Atom(sbt.ScriptedPlugin))), Clause(Atom(sbt.plugins.SemanticdbPlugin),Set(Atom(sbt.plugins.JvmPlugin))), Clause(Atom(sbt.plugins.JUnitXmlReportPlugin),Set(Atom(sbt.plugins.JvmPlugin))), Clause(Atom(sbt.plugins.MiniDependencyTreePlugin),Set(Atom(sbt.plugins.JvmPlugin))), Clause(Atom(sbt.plugins.CorePlugin),Set(Atom(sbt.plugins.IvyPlugin))), Clause(Atom(sbt.plugins.IvyPlugin),Set(Atom(sbt.plugins.JvmPlugin))), Clause(Atom(sbt.plugins.JvmPlugin),Set(Atom(sbt.plugins.SemanticdbPlugin))), Clause(Atom(sbt.plugins.JvmPlugin),Set(Atom(sbt.plugins.JUnitXmlReportPlugin))), Clause(Atom(sbt.plugins.CorePlugin),Set(Atom(sbt.plugins.Giter8TemplatePlugin))), Clause(Atom(sbt.plugins.JvmPlugin),Set(Atom(sbt.plugins.MiniDependencyTreePlugin)))))
[debug]   :: deduced result: Matched(sbt.plugins.CorePlugin,sbt.plugins.Giter8TemplatePlugin,sbt.plugins.IvyPlugin,sbt.plugins.JvmPlugin,sbt.plugins.MiniDependencyTreePlugin,sbt.plugins.JUnitXmlReportPlugin,sbt.plugins.SemanticdbPlugin)
[debug] Plugins.deducer#function took 13.314 ms
[debug]           Load.resolveProject(global-plugins) took 31.6517ms
[debug]         Load.loadTransitive: finalizeProject(Project(id global-plugins, base: C:\Users\eduar\.sbt\1.0\plugins, plugins: List(<none>))) took 64.9948ms
[debug] [Loading] Done in C:\Users\eduar\.sbt\1.0\plugins, returning: (global-plugins)
[debug]       Load.loadUnit: loadedProjectsRaw took 77.9055ms
[debug]       Load.loadUnit: cleanEvalClasses took 0.1872ms
[debug]     Load.loadUnit(file:/C:/Users/eduar/.sbt/1.0/plugins/, ...) took 217.7151ms
[debug]   Load.apply: load took 317.3871ms
[debug]   Load.apply: resolveProjects took 3.8743ms
[debug]   Load.apply: finalTransforms took 38.0884ms
[debug]   Load.apply: config.delegates took 5.4985ms
[debug]   Load.apply: Def.make(settings)... took 484.9888ms
[debug]   Load.apply: structureIndex took 68.3671ms
[debug]   Load.apply: mkStreams took 1.4024ms
[info] loading global plugins from C:\Users\eduar\.sbt\1.0\plugins
[debug] Running task... Cancel: Signal, check cycles: false, forcegc: true
[debug] Load.defaultLoad until apply took 1898.4331ms
[debug]           Load.loadUnit: plugins took 26.174ms
[debug]           Load.loadUnit: defsScala took 0.0027ms
[debug] [Loading] Scanning directory C:\Users\eduar\IdeaProjects\my-environment-code\project
[debug]             Load.loadUnit: mkEval took 5.5227ms
[debug] [Loading] Found non-root projects 
[debug] [Loading] Done in C:\Users\eduar\IdeaProjects\my-environment-code\project, returning: ()
[debug] deducing auto plugins based on known facts Set(Atom(sbt.plugins.CorePlugin)) and clauses Clauses(List(Clause(Atom(sbt.plugins.JvmPlugin),Set(Atom(sbt.plugins.IvyPlugin))), Clause(Atom(sbt.ScriptedPlugin),Set(Atom(sbt.plugins.JvmPlugin))), Clause(Atom(sbt.plugins.SbtPlugin),Set(Atom(sbt.ScriptedPlugin))), Clause(Atom(sbt.plugins.SemanticdbPlugin),Set(Atom(sbt.plugins.JvmPlugin))), Clause(Atom(sbt.plugins.JUnitXmlReportPlugin),Set(Atom(sbt.plugins.JvmPlugin))), Clause(Atom(sbt.plugins.MiniDependencyTreePlugin),Set(Atom(sbt.plugins.JvmPlugin))), Clause(Atom(sbt.plugins.CorePlugin),Set(Atom(sbt.plugins.IvyPlugin))), Clause(Atom(sbt.plugins.IvyPlugin),Set(Atom(sbt.plugins.JvmPlugin))), Clause(Atom(sbt.plugins.JvmPlugin),Set(Atom(sbt.plugins.SemanticdbPlugin))), Clause(Atom(sbt.plugins.JvmPlugin),Set(Atom(sbt.plugins.JUnitXmlReportPlugin))), Clause(Atom(sbt.plugins.CorePlugin),Set(Atom(sbt.plugins.Giter8TemplatePlugin))), Clause(Atom(sbt.plugins.JvmPlugin),Set(Atom(sbt.plugins.MiniDependencyTreePlugin)))))
[debug]   :: deduced result: Matched(sbt.plugins.CorePlugin,sbt.plugins.Giter8TemplatePlugin,sbt.plugins.IvyPlugin,sbt.plugins.JvmPlugin,sbt.plugins.MiniDependencyTreePlugin,sbt.plugins.JUnitXmlReportPlugin,sbt.plugins.SemanticdbPlugin)
[debug] Plugins.deducer#function took 1.1467 ms
[info] loading settings for project my-environment-code-build from idea.sbt ...
[debug]               Load.resolveProject(my-environment-code-build) took 1.8859ms
[debug]             Load.loadTransitive: finalizeProject(Project(id my-environment-code-build, base: C:\Users\eduar\IdeaProjects\my-environment-code\project, plugins: List(<none>))) took 3.3955ms
[debug] [Loading] Done in C:\Users\eduar\IdeaProjects\my-environment-code\project, returning: (my-environment-code-build)
[debug]           Load.loadUnit: loadedProjectsRaw took 91.8229ms
[debug]           Load.loadUnit: cleanEvalClasses took 2.6022ms
[debug]         Load.loadUnit(file:/C:/Users/eduar/IdeaProjects/my-environment-code/project/, ...) took 121.2514ms
[debug]       Load.apply: load took 122.1723ms
[debug]       Load.apply: resolveProjects took 0.0749ms
[debug]       Load.apply: finalTransforms took 6.9543ms
[debug]       Load.apply: config.delegates took 0.2713ms
[debug]       Load.apply: Def.make(settings)... took 49.5136ms
[debug]       Load.apply: structureIndex took 17.9689ms
[debug]       Load.apply: mkStreams took 0.0022ms
[info] loading project definition from C:\Users\eduar\IdeaProjects\my-environment-code\project
[debug] Running task... Cancel: Signal, check cycles: false, forcegc: true
[debug]     Load.loadUnit: plugins took 332.7043ms
[debug]     Load.loadUnit: defsScala took 0.0021ms
[debug] [Loading] Scanning directory C:\Users\eduar\IdeaProjects\my-environment-code
[debug]       Load.loadUnit: mkEval took 0.167ms
[debug] [Loading] Found non-root projects 
[debug] [Loading] Done in C:\Users\eduar\IdeaProjects\my-environment-code, returning: ()
[debug] deducing auto plugins based on known facts Set(Atom(sbt.plugins.CorePlugin)) and clauses Clauses(List(Clause(Atom(sbt.plugins.JvmPlugin),Set(Atom(sbt.plugins.IvyPlugin))), Clause(Atom(sbt.ScriptedPlugin),Set(Atom(sbt.plugins.JvmPlugin))), Clause(Atom(sbt.plugins.SbtPlugin),Set(Atom(sbt.ScriptedPlugin))), Clause(Atom(sbt.plugins.SemanticdbPlugin),Set(Atom(sbt.plugins.JvmPlugin))), Clause(Atom(sbt.plugins.JUnitXmlReportPlugin),Set(Atom(sbt.plugins.JvmPlugin))), Clause(Atom(sbt.plugins.MiniDependencyTreePlugin),Set(Atom(sbt.plugins.JvmPlugin))), Clause(Atom(org.jetbrains.sbt.StructurePlugin),Set(Atom(sbt.plugins.JvmPlugin))), Clause(Atom(org.jetbrains.sbt.IdeaShellPlugin),Set(Atom(sbt.plugins.JvmPlugin))), Clause(Atom(org.jetbrains.sbt.indices.SbtIntellijIndicesPlugin),Set(Atom(sbt.plugins.JvmPlugin))), Clause(Atom(sbt.plugins.CorePlugin),Set(Atom(sbt.plugins.IvyPlugin))), Clause(Atom(sbt.plugins.IvyPlugin),Set(Atom(sbt.plugins.JvmPlugin))), Clause(Atom(sbt.plugins.JvmPlugin),Set(Atom(sbt.plugins.SemanticdbPlugin))), Clause(Atom(sbt.plugins.JvmPlugin),Set(Atom(sbt.plugins.JUnitXmlReportPlugin))), Clause(Atom(sbt.plugins.CorePlugin),Set(Atom(sbt.plugins.Giter8TemplatePlugin))), Clause(Atom(sbt.plugins.JvmPlugin),Set(Atom(sbt.plugins.MiniDependencyTreePlugin))), Clause(Atom(sbt.plugins.JvmPlugin),Set(Atom(org.jetbrains.sbt.StructurePlugin))), Clause(Atom(sbt.plugins.JvmPlugin),Set(Atom(org.jetbrains.sbt.IdeaShellPlugin))), Clause(And(Set(Atom(sbt.plugins.CorePlugin), Atom(sbt.plugins.JvmPlugin))),Set(Atom(org.jetbrains.sbt.indices.SbtIntellijIndicesPlugin)))))
[debug]   :: deduced result: Matched(sbt.plugins.CorePlugin,sbt.plugins.Giter8TemplatePlugin,sbt.plugins.IvyPlugin,sbt.plugins.JvmPlugin,sbt.plugins.SemanticdbPlugin,org.jetbrains.sbt.indices.SbtIntellijIndicesPlugin,sbt.plugins.JUnitXmlReportPlugin,org.jetbrains.sbt.IdeaShellPlugin,org.jetbrains.sbt.StructurePlugin,sbt.plugins.MiniDependencyTreePlugin)
[debug] Plugins.deducer#function took 1.397 ms
[info] loading settings for project my-environment-code from build.sbt ...
[debug]         Load.resolveProject(my-environment-code) took 18.7351ms
[debug]       Load.loadTransitive: finalizeProject(Project(id my-environment-code, base: C:\Users\eduar\IdeaProjects\my-environment-code, plugins: List(<none>))) took 20.8465ms
[debug] [Loading] Done in C:\Users\eduar\IdeaProjects\my-environment-code, returning: (my-environment-code)
[debug]     Load.loadUnit: loadedProjectsRaw took 41.252ms
[debug]     Load.loadUnit: cleanEvalClasses took 2.3412ms
[debug]   Load.loadUnit(file:/C:/Users/eduar/IdeaProjects/my-environment-code/, ...) took 376.7383ms
[debug] Load.apply: load took 378.001ms
[debug] Load.apply: resolveProjects took 0.1095ms
[debug] Load.apply: finalTransforms took 15.2177ms
[debug] Load.apply: config.delegates took 0.2169ms
[debug] Load.apply: Def.make(settings)... took 40.1878ms
[debug] Load.apply: structureIndex took 15.343ms
[debug] Load.apply: mkStreams took 0.0019ms
[info] set current project to my-environment-code (in build file:/C:/Users/eduar/IdeaProjects/my-environment-code/)
[debug] > Exec(sbtPopOnFailure, None, None)
[debug] > Exec(resumeFromFailure, None, None)
[debug] > Exec(notifyUsersAboutShell, None, None)
[debug] > Exec(iflast shell, None, None)
[debug] > Exec(; set ideaPort in Global := 58004 ; idea-shell, None, None)
[debug] > Exec(set ideaPort in Global := 58004, None, None)
[info] Defining Global / ideaPort
[info] The new value will be used by Compile / compile, Test / compile
[debug] Defining 
[debug] 	Global / ideaPort
[debug] 
[debug] The new value will be used by 
[debug] 	Compile / compile
[debug] 	Test / compile
[info] Reapplying settings...
[info] set current project to my-environment-code (in build file:/C:/Users/eduar/IdeaProjects/my-environment-code/)
[debug] > Exec(idea-shell, None, None)
